<?xml version="1.0" encoding="UTF-8"?>
<!-- Generated by org.testng.reporters.JUnitXMLReporter -->
<testsuite ignored="0" hostname="MacBook-Pro-11737.local" failures="0" tests="2" name="/Users/carloscavalcante/Documents/Java/E2EProject" time="75.924" errors="0" timestamp="2022-05-11T11:27:33 EDT">
  <testcase classname="academy.HomePage" name="basePageNavigation" time="8.54"/>
  <testcase classname="academy.ValidateTitle" name="basePageNavigation" time="0.037"/>
</testsuite> <!-- /Users/carloscavalcante/Documents/Java/E2EProject -->
